<?xml version="1.0" encoding="UTF-8"?>
<robot generator="Robot 3.1.2 (Python 3.7.4 on win32)" generated="20191030 21:43:05.828" rpa="false">
<suite id="s1" name="Tests" source="C:\Users\amenuiya\Desktop\robot\desafios\api_starwars\tests">
<suite id="s1-s1" name="Api" source="C:\Users\amenuiya\Desktop\robot\desafios\api_starwars\tests\api.robot">
<test id="s1-s1-t1" name="Cenario: Verificar todos os planetas da história Star Wars">
<kw name="Dado que o usuário conecte com o end-point" library="kw_api">
<kw name="Create Session" library="RequestsLibrary">
<doc>Create Session: create a HTTP session to a server</doc>
<arguments>
<arg>starwars</arg>
<arg>https://swapi.co/api</arg>
</arguments>
<msg timestamp="20191030 21:43:06.086" level="INFO">Creating Session using : alias=starwars, url=https://swapi.co/api, headers={},                     cookies=None, auth=None, timeout=None, proxies=None, verify=False,                     debug=0 </msg>
<status status="PASS" starttime="20191030 21:43:06.086" endtime="20191030 21:43:06.087"></status>
</kw>
<status status="PASS" starttime="20191030 21:43:06.086" endtime="20191030 21:43:06.087"></status>
</kw>
<kw name="Quando solicitar os dados dos planetas" library="kw_api">
<kw name="Get Request" library="RequestsLibrary">
<doc>Send a GET request on the session object found using the
given `alias`</doc>
<arguments>
<arg>starwars</arg>
<arg>/planets/</arg>
</arguments>
<assign>
<var>${RESPOSTA}</var>
</assign>
<msg timestamp="20191030 21:43:07.035" level="INFO">Get Request using : alias=starwars, uri=/planets/, headers=None json=None</msg>
<msg timestamp="20191030 21:43:07.035" level="INFO">${RESPOSTA} = &lt;Response [200]&gt;</msg>
<status status="PASS" starttime="20191030 21:43:06.088" endtime="20191030 21:43:07.035"></status>
</kw>
<kw name="Set Test Variable" library="BuiltIn">
<doc>Makes a variable available everywhere within the scope of the current test.</doc>
<arguments>
<arg>${RESPOSTA}</arg>
</arguments>
<msg timestamp="20191030 21:43:07.035" level="INFO">${RESPOSTA} = &lt;Response [200]&gt;</msg>
<status status="PASS" starttime="20191030 21:43:07.035" endtime="20191030 21:43:07.035"></status>
</kw>
<status status="PASS" starttime="20191030 21:43:06.088" endtime="20191030 21:43:07.035"></status>
</kw>
<kw name="Então o end-point irá retornar todos os planetas" library="kw_api">
<kw name="Should Be Equal As Strings" library="BuiltIn">
<doc>Fails if objects are unequal after converting them to strings.</doc>
<arguments>
<arg>${RESPOSTA.status_code}</arg>
<arg>200</arg>
</arguments>
<msg timestamp="20191030 21:43:07.039" level="INFO">Argument types are:
&lt;class 'int'&gt;
&lt;type 'unicode'&gt;</msg>
<status status="PASS" starttime="20191030 21:43:07.039" endtime="20191030 21:43:07.039"></status>
</kw>
<kw name="Dictionary Should Contain Item" library="Collections">
<doc>An item of ``key`` / ``value`` must be found in a ``dictionary``.</doc>
<arguments>
<arg>${RESPOSTA.json()}</arg>
<arg>count</arg>
<arg>61</arg>
</arguments>
<status status="PASS" starttime="20191030 21:43:07.039" endtime="20191030 21:43:07.039"></status>
</kw>
<kw name="Log" library="BuiltIn">
<doc>Logs the given message with the given level.</doc>
<arguments>
<arg>${RESPOSTA.json()}</arg>
</arguments>
<msg timestamp="20191030 21:43:07.043" level="INFO">{'count': 61, 'next': 'https://swapi.co/api/planets/?page=2', 'previous': None, 'results': [{'name': 'Alderaan', 'rotation_period': '24', 'orbital_period': '364', 'diameter': '12500', 'climate': 'temperate', 'gravity': '1 standard', 'terrain': 'grasslands, mountains', 'surface_water': '40', 'population': '2000000000', 'residents': ['https://swapi.co/api/people/5/', 'https://swapi.co/api/people/68/', 'https://swapi.co/api/people/81/'], 'films': ['https://swapi.co/api/films/6/', 'https://swapi.co/api/films/1/'], 'created': '2014-12-10T11:35:48.479000Z', 'edited': '2014-12-20T20:58:18.420000Z', 'url': 'https://swapi.co/api/planets/2/'}, {'name': 'Yavin IV', 'rotation_period': '24', 'orbital_period': '4818', 'diameter': '10200', 'climate': 'temperate, tropical', 'gravity': '1 standard', 'terrain': 'jungle, rainforests', 'surface_water': '8', 'population': '1000', 'residents': [], 'films': ['https://swapi.co/api/films/1/'], 'created': '2014-12-10T11:37:19.144000Z', 'edited': '2014-12-20T20:58:18.421000Z', 'url': 'https://swapi.co/api/planets/3/'}, {'name': 'Hoth', 'rotation_period': '23', 'orbital_period': '549', 'diameter': '7200', 'climate': 'frozen', 'gravity': '1.1 standard', 'terrain': 'tundra, ice caves, mountain ranges', 'surface_water': '100', 'population': 'unknown', 'residents': [], 'films': ['https://swapi.co/api/films/2/'], 'created': '2014-12-10T11:39:13.934000Z', 'edited': '2014-12-20T20:58:18.423000Z', 'url': 'https://swapi.co/api/planets/4/'}, {'name': 'Dagobah', 'rotation_period': '23', 'orbital_period': '341', 'diameter': '8900', 'climate': 'murky', 'gravity': 'N/A', 'terrain': 'swamp, jungles', 'surface_water': '8', 'population': 'unknown', 'residents': [], 'films': ['https://swapi.co/api/films/2/', 'https://swapi.co/api/films/6/', 'https://swapi.co/api/films/3/'], 'created': '2014-12-10T11:42:22.590000Z', 'edited': '2014-12-20T20:58:18.425000Z', 'url': 'https://swapi.co/api/planets/5/'}, {'name': 'Bespin', 'rotation_period': '12', 'orbital_period': '5110', 'diameter': '118000', 'climate': 'temperate', 'gravity': '1.5 (surface), 1 standard (Cloud City)', 'terrain': 'gas giant', 'surface_water': '0', 'population': '6000000', 'residents': ['https://swapi.co/api/people/26/'], 'films': ['https://swapi.co/api/films/2/'], 'created': '2014-12-10T11:43:55.240000Z', 'edited': '2014-12-20T20:58:18.427000Z', 'url': 'https://swapi.co/api/planets/6/'}, {'name': 'Endor', 'rotation_period': '18', 'orbital_period': '402', 'diameter': '4900', 'climate': 'temperate', 'gravity': '0.85 standard', 'terrain': 'forests, mountains, lakes', 'surface_water': '8', 'population': '30000000', 'residents': ['https://swapi.co/api/people/30/'], 'films': ['https://swapi.co/api/films/3/'], 'created': '2014-12-10T11:50:29.349000Z', 'edited': '2014-12-20T20:58:18.429000Z', 'url': 'https://swapi.co/api/planets/7/'}, {'name': 'Naboo', 'rotation_period': '26', 'orbital_period': '312', 'diameter': '12120', 'climate': 'temperate', 'gravity': '1 standard', 'terrain': 'grassy hills, swamps, forests, mountains', 'surface_water': '12', 'population': '4500000000', 'residents': ['https://swapi.co/api/people/3/', 'https://swapi.co/api/people/21/', 'https://swapi.co/api/people/36/', 'https://swapi.co/api/people/37/', 'https://swapi.co/api/people/38/', 'https://swapi.co/api/people/39/', 'https://swapi.co/api/people/42/', 'https://swapi.co/api/people/60/', 'https://swapi.co/api/people/61/', 'https://swapi.co/api/people/66/', 'https://swapi.co/api/people/35/'], 'films': ['https://swapi.co/api/films/5/', 'https://swapi.co/api/films/4/', 'https://swapi.co/api/films/6/', 'https://swapi.co/api/films/3/'], 'created': '2014-12-10T11:52:31.066000Z', 'edited': '2014-12-20T20:58:18.430000Z', 'url': 'https://swapi.co/api/planets/8/'}, {'name': 'Coruscant', 'rotation_period': '24', 'orbital_period': '368', 'diameter': '12240', 'climate': 'temperate', 'gravity': '1 standard', 'terrain': 'cityscape, mountains', 'surface_water': 'unknown', 'population': '1000000000000', 'residents': ['https://swapi.co/api/people/34/', 'https://swapi.co/api/people/55/', 'https://swapi.co/api/people/74/'], 'films': ['https://swapi.co/api/films/5/', 'https://swapi.co/api/films/4/', 'https://swapi.co/api/films/6/', 'https://swapi.co/api/films/3/'], 'created': '2014-12-10T11:54:13.921000Z', 'edited': '2014-12-20T20:58:18.432000Z', 'url': 'https://swapi.co/api/planets/9/'}, {'name': 'Kamino', 'rotation_period': '27', 'orbital_period': '463', 'diameter': '19720', 'climate': 'temperate', 'gravity': '1 standard', 'terrain': 'ocean', 'surface_water': '100', 'population': '1000000000', 'residents': ['https://swapi.co/api/people/22/', 'https://swapi.co/api/people/72/', 'https://swapi.co/api/people/73/'], 'films': ['https://swapi.co/api/films/5/'], 'created': '2014-12-10T12:45:06.577000Z', 'edited': '2014-12-20T20:58:18.434000Z', 'url': 'https://swapi.co/api/planets/10/'}, {'name': 'Geonosis', 'rotation_period': '30', 'orbital_period': '256', 'diameter': '11370', 'climate': 'temperate, arid', 'gravity': '0.9 standard', 'terrain': 'rock, desert, mountain, barren', 'surface_water': '5', 'population': '100000000000', 'residents': ['https://swapi.co/api/people/63/'], 'films': ['https://swapi.co/api/films/5/'], 'created': '2014-12-10T12:47:22.350000Z', 'edited': '2014-12-20T20:58:18.437000Z', 'url': 'https://swapi.co/api/planets/11/'}]}</msg>
<status status="PASS" starttime="20191030 21:43:07.039" endtime="20191030 21:43:07.043"></status>
</kw>
<status status="PASS" starttime="20191030 21:43:07.038" endtime="20191030 21:43:07.043"></status>
</kw>
<status status="PASS" starttime="20191030 21:43:06.085" endtime="20191030 21:43:07.045" critical="yes"></status>
</test>
<status status="PASS" starttime="20191030 21:43:05.867" endtime="20191030 21:43:07.051"></status>
</suite>
<status status="PASS" starttime="20191030 21:43:05.830" endtime="20191030 21:43:07.057"></status>
</suite>
<statistics>
<total>
<stat pass="1" fail="0">Critical Tests</stat>
<stat pass="1" fail="0">All Tests</stat>
</total>
<tag>
</tag>
<suite>
<stat pass="1" fail="0" id="s1" name="Tests">Tests</stat>
<stat pass="1" fail="0" id="s1-s1" name="Api">Tests.Api</stat>
</suite>
</statistics>
<errors>
</errors>
</robot>
