<?xml version="1.0" encoding="UTF-8"?>
<robot generator="Robot 3.1.2 (Python 3.8.0 on win32)" generated="20191107 14:45:29.334" rpa="false">
<suite id="s1" name="Web Tests" source="C:\Users\amenuiya\Desktop\robot\web\tests\web_tests.robot">
<kw name="Abrir navegador" library="common" type="setup">
<kw name="Open Browser" library="SeleniumLibrary">
<doc>Opens a new browser instance to the optional ``url``.</doc>
<arguments>
<arg>about:blank</arg>
<arg>Chrome</arg>
</arguments>
<msg timestamp="20191107 14:45:29.647" level="INFO">Opening browser 'Chrome' to base url 'about:blank'.</msg>
<status status="PASS" starttime="20191107 14:45:29.647" endtime="20191107 14:45:32.309"></status>
</kw>
<status status="PASS" starttime="20191107 14:45:29.646" endtime="20191107 14:45:32.310"></status>
</kw>
<test id="s1-t1" name="Cenário: Pesquisar por batman no google">
<kw name="Dado que o usuário esteja no site google" library="kw_web_tests">
<kw name="Go To" library="SeleniumLibrary">
<doc>Navigates the current browser window to the provided ``url``.</doc>
<arguments>
<arg>http://www.google.com</arg>
</arguments>
<msg timestamp="20191107 14:45:32.311" level="INFO">Opening url 'http://www.google.com'</msg>
<status status="PASS" starttime="20191107 14:45:32.311" endtime="20191107 14:45:33.482"></status>
</kw>
<status status="PASS" starttime="20191107 14:45:32.310" endtime="20191107 14:45:33.482"></status>
</kw>
<kw name="Quando inserir o texto batman" library="kw_web_tests">
<kw name="Input Text" library="SeleniumLibrary">
<doc>Types the given ``text`` into the text field identified by ``locator``.</doc>
<arguments>
<arg>name=q</arg>
<arg>batman</arg>
</arguments>
<msg timestamp="20191107 14:45:33.484" level="INFO">Typing text 'batman' into text field 'name=q'.</msg>
<status status="PASS" starttime="20191107 14:45:33.484" endtime="20191107 14:45:33.565"></status>
</kw>
<status status="PASS" starttime="20191107 14:45:33.483" endtime="20191107 14:45:33.565"></status>
</kw>
<kw name="E clicar no botão pesquisar" library="kw_web_tests">
<kw name="Wait Until Keyword Succeeds" library="BuiltIn">
<doc>Runs the specified keyword and retries if it fails.</doc>
<arguments>
<arg>2s</arg>
<arg>2s</arg>
<arg>Click Element</arg>
<arg>name=btnK</arg>
</arguments>
<kw name="Click Element" library="SeleniumLibrary">
<doc>Click the element identified by ``locator``.</doc>
<arguments>
<arg>name=btnK</arg>
</arguments>
<msg timestamp="20191107 14:45:33.568" level="INFO">Clicking element 'name=btnK'.</msg>
<kw name="Capture Page Screenshot" library="SeleniumLibrary">
<doc>Takes a screenshot of the current page and embeds it into a log file.</doc>
<msg timestamp="20191107 14:45:33.857" level="INFO" html="yes">&lt;/td&gt;&lt;/tr&gt;&lt;tr&gt;&lt;td colspan="3"&gt;&lt;a href="selenium-screenshot-2.png"&gt;&lt;img src="selenium-screenshot-2.png" width="800px"&gt;&lt;/a&gt;</msg>
<status status="PASS" starttime="20191107 14:45:33.596" endtime="20191107 14:45:33.857"></status>
</kw>
<msg timestamp="20191107 14:45:33.859" level="FAIL">ElementNotInteractableException: Message: element not interactable
  (Session info: chrome=78.0.3904.87)
</msg>
<status status="FAIL" starttime="20191107 14:45:33.568" endtime="20191107 14:45:33.859"></status>
</kw>
<kw name="Click Element" library="SeleniumLibrary">
<doc>Click the element identified by ``locator``.</doc>
<arguments>
<arg>name=btnK</arg>
</arguments>
<msg timestamp="20191107 14:45:35.860" level="INFO">Clicking element 'name=btnK'.</msg>
<status status="PASS" starttime="20191107 14:45:35.860" endtime="20191107 14:45:37.582"></status>
</kw>
<status status="PASS" starttime="20191107 14:45:33.568" endtime="20191107 14:45:37.582"></status>
</kw>
<status status="PASS" starttime="20191107 14:45:33.567" endtime="20191107 14:45:37.582"></status>
</kw>
<kw name="Então o google retorna os resultados para batman" library="kw_web_tests">
<kw name="Debug" library="DebugLibrary">
<doc>Open a interactive shell, run any RobotFramework keywords.</doc>
<kw name="Page Should Contain" library="SeleniumLibrary">
<doc>Verifies that current page contains ``text``.</doc>
<arguments>
<arg>Batman</arg>
<arg>Wikipédia, a encicl</arg>
</arguments>
<msg timestamp="20191107 14:46:12.788" level="INFO">Current page contains text 'Batman'.</msg>
<status status="PASS" starttime="20191107 14:46:12.747" endtime="20191107 14:46:12.788"></status>
</kw>
<kw name="Page Should Contain" library="SeleniumLibrary">
<doc>Verifies that current page contains ``text``.</doc>
<arguments>
<arg>keiko</arg>
</arguments>
<kw name="Capture Page Screenshot" library="SeleniumLibrary">
<doc>Takes a screenshot of the current page and embeds it into a log file.</doc>
<msg timestamp="20191107 14:46:19.438" level="INFO" html="yes">&lt;/td&gt;&lt;/tr&gt;&lt;tr&gt;&lt;td colspan="3"&gt;&lt;a href="selenium-screenshot-3.png"&gt;&lt;img src="selenium-screenshot-3.png" width="800px"&gt;&lt;/a&gt;</msg>
<status status="PASS" starttime="20191107 14:46:19.092" endtime="20191107 14:46:19.438"></status>
</kw>
<msg timestamp="20191107 14:46:19.438" level="FAIL">Page should have contained text 'keiko' but did not.</msg>
<status status="FAIL" starttime="20191107 14:46:19.000" endtime="20191107 14:46:19.439"></status>
</kw>
<kw name="Page Should Contain" library="SeleniumLibrary">
<doc>Verifies that current page contains ``text``.</doc>
<arguments>
<arg>Batman</arg>
<arg>Wikipédia, a encicl</arg>
</arguments>
<msg timestamp="20191107 14:46:37.644" level="INFO">Current page contains text 'Batman'.</msg>
<status status="PASS" starttime="20191107 14:46:37.613" endtime="20191107 14:46:37.644"></status>
</kw>
<kw name="Page Should Contain" library="SeleniumLibrary">
<doc>Verifies that current page contains ``text``.</doc>
<arguments>
<arg>Batman</arg>
<arg>Wikipédia, a enciclasdasdasdasdasd</arg>
</arguments>
<msg timestamp="20191107 14:46:45.482" level="INFO">Current page contains text 'Batman'.</msg>
<status status="PASS" starttime="20191107 14:46:45.449" endtime="20191107 14:46:45.483"></status>
</kw>
<status status="PASS" starttime="20191107 14:45:37.584" endtime="20191107 14:46:53.347"></status>
</kw>
<kw name="Page Should Contain" library="SeleniumLibrary">
<doc>Verifies that current page contains ``text``.</doc>
<arguments>
<arg>Batman – Wikipédia, a enciclopédia livre</arg>
</arguments>
<msg timestamp="20191107 14:46:53.369" level="INFO">Current page contains text 'Batman – Wikipédia, a enciclopédia livre'.</msg>
<status status="PASS" starttime="20191107 14:46:53.347" endtime="20191107 14:46:53.369"></status>
</kw>
<status status="PASS" starttime="20191107 14:45:37.583" endtime="20191107 14:46:53.369"></status>
</kw>
<tags>
<tag>Batman</tag>
<tag>pamonha</tag>
</tags>
<status status="PASS" starttime="20191107 14:45:32.310" endtime="20191107 14:46:53.369" critical="yes"></status>
</test>
<kw name="Fechar navegador" library="common" type="teardown">
<kw name="Close Browser" library="SeleniumLibrary">
<doc>Closes the current browser.</doc>
<status status="PASS" starttime="20191107 14:46:53.371" endtime="20191107 14:46:55.498"></status>
</kw>
<status status="PASS" starttime="20191107 14:46:53.371" endtime="20191107 14:46:55.499"></status>
</kw>
<status status="PASS" starttime="20191107 14:45:29.335" endtime="20191107 14:46:55.499"></status>
</suite>
<statistics>
<total>
<stat pass="1" fail="0">Critical Tests</stat>
<stat pass="1" fail="0">All Tests</stat>
</total>
<tag>
<stat pass="1" fail="0">Batman</stat>
<stat pass="1" fail="0">pamonha</stat>
</tag>
<suite>
<stat pass="1" fail="0" id="s1" name="Web Tests">Web Tests</stat>
</suite>
</statistics>
<errors>
</errors>
</robot>
